<?xml version="1.0" encoding="UTF-8"?>
<!-- Generated by org.testng.reporters.JUnitReportReporter -->
<testsuite hostname="HDC3-D-514SLSM" failures="0" tests="1" name="innovationsPortal.TestInnovation" time="9.392" errors="0" timestamp="4 Apr 2018 07:32:57 GMT">
  <testcase classname="innovationsPortal.TestInnovation" name="testDesignerApproval" time="9.392"/>
</testsuite> <!-- innovationsPortal.TestInnovation -->
