<?xml version="1.0" encoding="UTF-8"?>
<!-- Generated by org.testng.reporters.JUnitReportReporter -->
<testsuite hostname="HDC3-D-514SLSM" failures="0" tests="1" name="innovationsPortal.Test123" time="21.841" errors="0" timestamp="3 Apr 2018 13:51:14 GMT">
  <testcase classname="innovationsPortal.Test123" name="sendEmailableTestReport" time="21.841"/>
</testsuite> <!-- innovationsPortal.Test123 -->
