<?xml version="1.0" encoding="UTF-8"?>
<!-- Generated by org.testng.reporters.JUnitReportReporter -->
<testsuite hostname="HDC3-D-514SLSM" failures="0" tests="1" name="innovationsPortal.Test" time="0.116" errors="0" timestamp="2 Apr 2018 09:43:35 GMT">
  <testcase classname="innovationsPortal.Test" name="test123" time="0.116"/>
</testsuite> <!-- innovationsPortal.Test -->
